<?xml version="1.0" encoding="UTF-8"?>
<testng-results total="3" passed="3" failed="0" skipped="0">
  <reporter-output>
  </reporter-output>
  <suite started-at="2020-07-20T13:01:11Z" name="mavenJenkinsPack" finished-at="2020-07-20T13:01:27Z" duration-ms="16057">
    <groups>
    </groups>
    <test started-at="2020-07-20T13:01:11Z" name="Chrome1" finished-at="2020-07-20T13:01:27Z" duration-ms="15231">
      <class name="mavenJenkinsPack.MavenClassProject">
        <test-method signature="gridMethod()[pri:0, instance:mavenJenkinsPack.MavenClassProject@1b083826]" started-at="2020-07-20T18:31:11Z" name="gridMethod" finished-at="2020-07-20T18:31:25Z" duration-ms="13792" status="PASS">
          <reporter-output>
          </reporter-output>
        </test-method> <!-- gridMethod -->
        <test-method is-config="true" signature="tearDown()[pri:0, instance:mavenJenkinsPack.MavenClassProject@1b083826]" started-at="2020-07-20T18:31:25Z" name="tearDown" finished-at="2020-07-20T18:31:27Z" duration-ms="1412" status="PASS">
          <reporter-output>
          </reporter-output>
        </test-method> <!-- tearDown -->
      </class> <!-- mavenJenkinsPack.MavenClassProject -->
    </test> <!-- Chrome1 -->
    <test started-at="2020-07-20T13:01:11Z" name="Chrome3" finished-at="2020-07-20T13:01:27Z" duration-ms="15478">
      <class name="mavenJenkinsPack.MavenClassProject">
        <test-method signature="gridMethod()[pri:0, instance:mavenJenkinsPack.MavenClassProject@5ad851c9]" started-at="2020-07-20T18:31:11Z" name="gridMethod" finished-at="2020-07-20T18:31:27Z" duration-ms="15341" status="PASS">
          <reporter-output>
          </reporter-output>
        </test-method> <!-- gridMethod -->
        <test-method is-config="true" signature="tearDown()[pri:0, instance:mavenJenkinsPack.MavenClassProject@5ad851c9]" started-at="2020-07-20T18:31:27Z" name="tearDown" finished-at="2020-07-20T18:31:27Z" duration-ms="111" status="PASS">
          <reporter-output>
          </reporter-output>
        </test-method> <!-- tearDown -->
      </class> <!-- mavenJenkinsPack.MavenClassProject -->
    </test> <!-- Chrome3 -->
    <test started-at="2020-07-20T13:01:11Z" name="Chrome2" finished-at="2020-07-20T13:01:27Z" duration-ms="16057">
      <class name="mavenJenkinsPack.MavenClassProject">
        <test-method signature="gridMethod()[pri:0, instance:mavenJenkinsPack.MavenClassProject@657c8ad9]" started-at="2020-07-20T18:31:11Z" name="gridMethod" finished-at="2020-07-20T18:31:27Z" duration-ms="15341" status="PASS">
          <reporter-output>
          </reporter-output>
        </test-method> <!-- gridMethod -->
        <test-method is-config="true" signature="tearDown()[pri:0, instance:mavenJenkinsPack.MavenClassProject@657c8ad9]" started-at="2020-07-20T18:31:27Z" name="tearDown" finished-at="2020-07-20T18:31:27Z" duration-ms="689" status="PASS">
          <reporter-output>
          </reporter-output>
        </test-method> <!-- tearDown -->
      </class> <!-- mavenJenkinsPack.MavenClassProject -->
    </test> <!-- Chrome2 -->
  </suite> <!-- mavenJenkinsPack -->
</testng-results>
