<?xml version="1.0" encoding="UTF-8"?>
<testng-results total="1" passed="1" failed="0" skipped="0">
  <reporter-output>
  </reporter-output>
  <suite started-at="2020-08-21T06:27:29Z" name="mavenJenkinsPack" finished-at="2020-08-21T06:27:43Z" duration-ms="13901">
    <groups>
    </groups>
    <test started-at="2020-08-21T06:27:29Z" name="Chrome1" finished-at="2020-08-21T06:27:43Z" duration-ms="13901">
      <class name="mavenJenkinsPack.MavenClassProject">
        <test-method signature="gridMethod()[pri:0, instance:mavenJenkinsPack.MavenClassProject@1b083826]" started-at="2020-08-21T11:57:29Z" name="gridMethod" finished-at="2020-08-21T11:57:43Z" duration-ms="13602" status="PASS">
          <reporter-output>
          </reporter-output>
        </test-method> <!-- gridMethod -->
        <test-method is-config="true" signature="tearDown()[pri:0, instance:mavenJenkinsPack.MavenClassProject@1b083826]" started-at="2020-08-21T11:57:43Z" name="tearDown" finished-at="2020-08-21T11:57:43Z" duration-ms="227" status="PASS">
          <reporter-output>
          </reporter-output>
        </test-method> <!-- tearDown -->
      </class> <!-- mavenJenkinsPack.MavenClassProject -->
    </test> <!-- Chrome1 -->
  </suite> <!-- mavenJenkinsPack -->
</testng-results>
